[templates.iqonic.design/posdash/html/backend/index.html]
[backblue.gif]
[fade.gif]
[index.html]
[templates.iqonic.design/posdash/html/assets/css/backend-plugin.min.css]
[templates.iqonic.design/posdash/html/assets/css/backende209.css]
[templates.iqonic.design/posdash/html/assets/vendor/@fortawesome/fontawesome-free/css/all.min.css]
[templates.iqonic.design/posdash/html/assets/vendor/line-awesome/dist/line-awesome/css/line-awesome.min.css]
[templates.iqonic.design/posdash/html/assets/vendor/remixicon/fonts/remixicon.css]
[templates.iqonic.design/posdash/html/assets/images/logo.png]
[templates.iqonic.design/posdash/html/backend/page-list-product.html]
[templates.iqonic.design/posdash/html/backend/page-add-product.html]
[templates.iqonic.design/posdash/html/backend/page-list-category.html]
[templates.iqonic.design/posdash/html/backend/page-add-category.html]
[templates.iqonic.design/posdash/html/backend/page-list-sale.html]
[templates.iqonic.design/posdash/html/backend/page-add-sale.html]
[templates.iqonic.design/posdash/html/backend/page-list-purchase.html]
[templates.iqonic.design/posdash/html/backend/page-add-purchase.html]
[templates.iqonic.design/posdash/html/backend/page-list-returns.html]
[templates.iqonic.design/posdash/html/backend/page-add-return.html]
[templates.iqonic.design/posdash/html/backend/page-list-customers.html]
[templates.iqonic.design/posdash/html/backend/page-add-customers.html]
[templates.iqonic.design/posdash/html/backend/page-list-users.html]
[templates.iqonic.design/posdash/html/backend/page-add-users.html]
[templates.iqonic.design/posdash/html/backend/page-list-suppliers.html]
[templates.iqonic.design/posdash/html/backend/page-add-supplier.html]
[templates.iqonic.design/posdash/html/backend/page-report.html]
[templates.iqonic.design/posdash/html/backend/ui-avatars.html]
[templates.iqonic.design/posdash/html/backend/ui-alerts.html]
[templates.iqonic.design/posdash/html/backend/ui-badges.html]
[templates.iqonic.design/posdash/html/backend/ui-breadcrumb.html]
[templates.iqonic.design/posdash/html/backend/ui-buttons.html]
[templates.iqonic.design/posdash/html/backend/ui-buttons-group.html]
[templates.iqonic.design/posdash/html/backend/ui-boxshadow.html]
[templates.iqonic.design/posdash/html/backend/ui-colors.html]
[templates.iqonic.design/posdash/html/backend/ui-cards.html]
[templates.iqonic.design/posdash/html/backend/ui-carousel.html]
[templates.iqonic.design/posdash/html/backend/ui-grid.html]
[templates.iqonic.design/posdash/html/backend/ui-helper-classes.html]
[templates.iqonic.design/posdash/html/backend/ui-images.html]
[templates.iqonic.design/posdash/html/backend/ui-list-group.html]
[templates.iqonic.design/posdash/html/backend/ui-media-object.html]
[templates.iqonic.design/posdash/html/backend/ui-modal.html]
[templates.iqonic.design/posdash/html/backend/ui-notifications.html]
[templates.iqonic.design/posdash/html/backend/ui-pagination.html]
[templates.iqonic.design/posdash/html/backend/ui-popovers.html]
[templates.iqonic.design/posdash/html/backend/ui-progressbars.html]
[templates.iqonic.design/posdash/html/backend/ui-typography.html]
[templates.iqonic.design/posdash/html/backend/ui-tabs.html]
[templates.iqonic.design/posdash/html/backend/ui-tooltips.html]
[templates.iqonic.design/posdash/html/backend/ui-embed-video.html]
[templates.iqonic.design/posdash/html/backend/auth-sign-in.html]
[templates.iqonic.design/posdash/html/backend/auth-sign-up.html]
[templates.iqonic.design/posdash/html/backend/auth-recoverpw.html]
[templates.iqonic.design/posdash/html/backend/auth-confirm-mail.html]
[templates.iqonic.design/posdash/html/backend/auth-lock-screen.html]
[templates.iqonic.design/posdash/html/backend/form-layout.html]
[templates.iqonic.design/posdash/html/backend/form-input-group.html]
[templates.iqonic.design/posdash/html/backend/form-validation.html]
[templates.iqonic.design/posdash/html/backend/form-switch.html]
[templates.iqonic.design/posdash/html/backend/form-chechbox.html]
[templates.iqonic.design/posdash/html/backend/form-radio.html]
[templates.iqonic.design/posdash/html/backend/form-textarea.html]
[templates.iqonic.design/posdash/html/backend/tables-basic.html]
[templates.iqonic.design/posdash/html/backend/table-data.html]
[templates.iqonic.design/posdash/html/backend/table-tree.html]
[templates.iqonic.design/posdash/html/backend/pricing.html]
[templates.iqonic.design/posdash/html/backend/pricing-2.html]
[templates.iqonic.design/posdash/html/backend/pages-invoice.html]
[templates.iqonic.design/posdash/html/backend/pages-error.html]
[templates.iqonic.design/posdash/html/backend/pages-error-500.html]
[templates.iqonic.design/posdash/html/backend/pages-blank-page.html]
[templates.iqonic.design/posdash/html/backend/pages-maintenance.html]
[templates.iqonic.design/posdash/html/assets/images/layouts/side-bkg.png]
[templates.iqonic.design/posdash/html/assets/images/small/flag-01.png]
[templates.iqonic.design/posdash/html/assets/images/small/flag-02.png]
[templates.iqonic.design/posdash/html/assets/images/small/flag-03.png]
[templates.iqonic.design/posdash/html/assets/images/small/flag-04.png]
[templates.iqonic.design/posdash/html/assets/images/small/flag-05.png]
[templates.iqonic.design/posdash/html/assets/images/small/flag-06.png]
[templates.iqonic.design/posdash/html/assets/images/user/01.jpg]
[templates.iqonic.design/posdash/html/assets/images/user/02.jpg]
[templates.iqonic.design/posdash/html/assets/images/user/03.jpg]
[templates.iqonic.design/posdash/html/assets/images/user/1.png]
[templates.iqonic.design/posdash/html/assets/images/page-img/profile-bg.jpg]
[templates.iqonic.design/posdash/html/assets/images/product/1.png]
[templates.iqonic.design/posdash/html/assets/images/product/2.png]
[templates.iqonic.design/posdash/html/assets/images/product/3.png]
[templates.iqonic.design/posdash/html/assets/images/product/01.png]
[templates.iqonic.design/posdash/html/assets/images/product/02.png]
[templates.iqonic.design/posdash/html/assets/images/product/03.png]
[templates.iqonic.design/posdash/html/assets/images/product/04.png]
[templates.iqonic.design/posdash/html/assets/images/product/05.png]
[templates.iqonic.design/posdash/html/backend/privacy-policy.html]
[templates.iqonic.design/posdash/html/backend/terms-of-service.html]
[templates.iqonic.design/posdash/html/assets/js/table-treeview.js]
[templates.iqonic.design/posdash/html/assets/js/customizer.js]
[templates.iqonic.design/posdash/html/assets/js/chart-custom.js]
[templates.iqonic.design/posdash/html/backend/index.html]
[templates.iqonic.design/posdash/html/assets/js/app.js]
[templates.iqonic.design/posdash/html/assets/js/backend-bundle.min.js]
[templates.iqonic.design/posdash/html/assets/images/loader.gif]
[templates.iqonic.design/posdash/html/assets/images/dark-loader.gif]
[templates.iqonic.design/posdash/html/assets/css/ajax-loader.gif]
[templates.iqonic.design/posdash/html/assets/css/fonts/slick.eot]
[templates.iqonic.design/posdash/html/assets/css/fonts/slickd41d.eot]
[templates.iqonic.design/posdash/html/assets/css/fonts/slick.woff]
[templates.iqonic.design/posdash/html/assets/css/fonts/slick.ttf]
[templates.iqonic.design/posdash/html/assets/css/fonts/slick.svg]
[templates.iqonic.design/posdash/html/assets/images/sort_both.png]
[templates.iqonic.design/posdash/html/assets/images/sort_asc.png]
[templates.iqonic.design/posdash/html/assets/images/sort_desc.png]
[templates.iqonic.design/posdash/html/assets/images/sort_asc_disabled.png]
[templates.iqonic.design/posdash/html/assets/images/sort_desc_disabled.png]
[templates.iqonic.design/posdash/html/assets/css/backend-plugin.min.css]
[templates.iqonic.design/posdash/html/assets/css/backende209.css]
[templates.iqonic.design/posdash/html/assets/vendor/@fortawesome/fontawesome-free/css/all.min.css]
[templates.iqonic.design/posdash/html/assets/vendor/line-awesome/dist/line-awesome/css/line-awesome.min.css]
[templates.iqonic.design/posdash/html/assets/vendor/remixicon/fonts/remixicondf6d.woff2]
[templates.iqonic.design/posdash/html/assets/vendor/remixicon/fonts/remixicondf6d.eot]
[templates.iqonic.design/posdash/html/assets/vendor/remixicon/fonts/remixicondf6d.woff]
[templates.iqonic.design/posdash/html/assets/vendor/remixicon/fonts/remixicondf6d.ttf]
[templates.iqonic.design/posdash/html/assets/vendor/remixicon/fonts/remixicon.css]
[templates.iqonic.design/posdash/html/assets/images/table/product/01.jpg]
[templates.iqonic.design/posdash/html/assets/vendor/remixicon/fonts/remixicondf6d.svg]
[templates.iqonic.design/posdash/html/assets/images/table/product/02.jpg]
[templates.iqonic.design/posdash/html/assets/images/table/product/03.jpg]
[templates.iqonic.design/posdash/html/assets/images/table/product/04.jpg]
[templates.iqonic.design/posdash/html/assets/images/table/product/05.jpg]
[templates.iqonic.design/posdash/html/assets/images/table/product/06.jpg]
[templates.iqonic.design/posdash/html/assets/images/table/product/07.jpg]
[templates.iqonic.design/posdash/html/assets/images/table/product/08.jpg]
[templates.iqonic.design/posdash/html/assets/images/table/product/09.jpg]
[templates.iqonic.design/posdash/html/backend/page-list-product.html]
[templates.iqonic.design/posdash/html/backend/page-add-product.html]
[templates.iqonic.design/posdash/html/backend/page-list-category.html]
[templates.iqonic.design/posdash/html/backend/page-add-category.html]
[templates.iqonic.design/posdash/html/backend/page-list-sale.html]
[templates.iqonic.design/posdash/html/backend/page-add-sale.html]
[templates.iqonic.design/posdash/html/backend/page-list-purchase.html]
[templates.iqonic.design/posdash/html/backend/page-add-purchase.html]
[templates.iqonic.design/posdash/html/backend/page-list-returns.html]
[templates.iqonic.design/posdash/html/backend/page-add-return.html]
[templates.iqonic.design/posdash/html/backend/page-list-customers.html]
[templates.iqonic.design/posdash/html/backend/page-add-customers.html]
[templates.iqonic.design/posdash/html/backend/page-list-users.html]
[templates.iqonic.design/posdash/html/backend/page-add-users.html]
[templates.iqonic.design/posdash/html/backend/page-list-suppliers.html]
[templates.iqonic.design/posdash/html/backend/page-add-supplier.html]
[templates.iqonic.design/posdash/html/backend/page-report.html]
[templates.iqonic.design/posdash/html/assets/images/user/i1.jpg]
[templates.iqonic.design/posdash/html/assets/images/user/05.jpg]
[templates.iqonic.design/posdash/html/assets/images/user/06.jpg]
[templates.iqonic.design/posdash/html/assets/images/user/07.jpg]
[templates.iqonic.design/posdash/html/backend/ui-avatars.html]
[templates.iqonic.design/posdash/html/backend/ui-alerts.html]
[templates.iqonic.design/posdash/html/backend/ui-badges.html]
[templates.iqonic.design/posdash/html/backend/ui-breadcrumb.html]
[templates.iqonic.design/posdash/html/backend/ui-buttons.html]
[templates.iqonic.design/posdash/html/backend/ui-buttons-group.html]
[templates.iqonic.design/posdash/html/backend/ui-boxshadow.html]
[templates.iqonic.design/posdash/html/backend/ui-colors.html]
[templates.iqonic.design/posdash/html/assets/images/page-img/07.jpg]
[templates.iqonic.design/posdash/html/assets/images/page-img/08.jpg]
[templates.iqonic.design/posdash/html/assets/images/page-img/09.jpg]
[templates.iqonic.design/posdash/html/backend/ui-cards.html]
[templates.iqonic.design/posdash/html/assets/images/small/img-1.jpg]
[templates.iqonic.design/posdash/html/backend/ui-carousel.html]
[templates.iqonic.design/posdash/html/backend/ui-grid.html]
[templates.iqonic.design/posdash/html/backend/ui-helper-classes.html]
[templates.iqonic.design/posdash/html/assets/images/page-img/15.jpg]
[templates.iqonic.design/posdash/html/assets/images/page-img/16.jpg]
[templates.iqonic.design/posdash/html/assets/images/page-img/17.jpg]
[templates.iqonic.design/posdash/html/assets/images/page-img/18.jpg]
[templates.iqonic.design/posdash/html/assets/images/page-img/19.jpg]
[templates.iqonic.design/posdash/html/assets/images/page-img/20.jpg]
[templates.iqonic.design/posdash/html/assets/images/page-img/10.jpg]
[templates.iqonic.design/posdash/html/assets/images/page-img/11.jpg]
[templates.iqonic.design/posdash/html/assets/images/page-img/12.jpg]
[templates.iqonic.design/posdash/html/assets/images/page-img/13.jpg]
[templates.iqonic.design/posdash/html/assets/images/page-img/14.jpg]
[templates.iqonic.design/posdash/html/assets/images/page-img/21.jpg]
[templates.iqonic.design/posdash/html/assets/images/page-img/22.jpg]
[templates.iqonic.design/posdash/html/assets/images/page-img/23.jpg]
[templates.iqonic.design/posdash/html/assets/images/page-img/24.jpg]
[templates.iqonic.design/posdash/html/backend/ui-images.html]
[templates.iqonic.design/posdash/html/backend/ui-list-group.html]
[templates.iqonic.design/posdash/html/backend/ui-media-object.html]
[templates.iqonic.design/posdash/html/backend/ui-modal.html]
[templates.iqonic.design/posdash/html/backend/ui-notifications.html]
[templates.iqonic.design/posdash/html/backend/ui-pagination.html]
[templates.iqonic.design/posdash/html/backend/ui-popovers.html]
[templates.iqonic.design/posdash/html/backend/ui-progressbars.html]
[templates.iqonic.design/posdash/html/backend/ui-typography.html]
[templates.iqonic.design/posdash/html/backend/ui-tabs.html]
[templates.iqonic.design/posdash/html/backend/ui-tooltips.html]
[templates.iqonic.design/posdash/html/backend/ui-embed-video.html]
[templates.iqonic.design/posdash/html/assets/images/login/01.png]
[templates.iqonic.design/posdash/html/backend/auth-sign-in.html]
[templates.iqonic.design/posdash/html/backend/auth-sign-up.html]
[templates.iqonic.design/posdash/html/backend/auth-recoverpw.html]
[templates.iqonic.design/posdash/html/assets/images/login/mail.png]
[templates.iqonic.design/posdash/html/backend/auth-confirm-mail.html]
[templates.iqonic.design/posdash/html/backend/auth-lock-screen.html]
[templates.iqonic.design/posdash/html/backend/form-layout.html]
[templates.iqonic.design/posdash/html/backend/form-input-group.html]
[templates.iqonic.design/posdash/html/backend/form-validation.html]
[templates.iqonic.design/posdash/html/backend/form-switch.html]
[templates.iqonic.design/posdash/html/backend/form-chechbox.html]
[templates.iqonic.design/posdash/html/backend/form-radio.html]
[templates.iqonic.design/posdash/html/backend/form-textarea.html]
[templates.iqonic.design/posdash/html/backend/tables-basic.html]
[templates.iqonic.design/posdash/html/backend/table-data.html]
[templates.iqonic.design/posdash/html/backend/table-tree.html]
[templates.iqonic.design/posdash/html/backend/pricing.html]
[templates.iqonic.design/posdash/html/backend/pricing-2.html]
[templates.iqonic.design/posdash/html/backend/pages-invoice.html]
[templates.iqonic.design/posdash/html/assets/images/error/404.png]
[templates.iqonic.design/posdash/html/backend/pages-error.html]
[templates.iqonic.design/posdash/html/assets/images/error/500.png]
[templates.iqonic.design/posdash/html/backend/pages-error-500.html]
[templates.iqonic.design/posdash/html/backend/pages-blank-page.html]
[templates.iqonic.design/posdash/html/assets/images/error/02.png]
[templates.iqonic.design/posdash/html/backend/pages-maintenance.html]
[templates.iqonic.design/posdash/html/backend/privacy-policy.html]
[templates.iqonic.design/posdash/html/backend/terms-of-service.html]
[templates.iqonic.design/posdash/html/assets/images/dark-loader.html]
[templates.iqonic.design/posdash/html/assets/css/ajax-loader.html]
[templates.iqonic.design/posdash/html/assets/css/fonts/slick.html]
[templates.iqonic.design/posdash/html/assets/css/fonts/slickd41d.html]
[templates.iqonic.design/posdash/html/assets/css/fonts/slick-2.html]
[templates.iqonic.design/posdash/html/assets/css/fonts/slick-3.html]
[templates.iqonic.design/posdash/html/assets/css/fonts/slick-4.html]
[templates.iqonic.design/posdash/html/assets/vendor/remixicon/fonts/remixicondf6d.svg]
